Ganache CLI v6.1.8 (ganache-core: 2.2.1)

Available Accounts
==================
(0) 0x4b2b8e5e17cf1508e45cc949fa6113d558b8ab81 (~100 ETH)
(1) 0x69b00d92e9971c3cfbd244f77c8066fe27301719 (~100 ETH)
(2) 0xde33de736a678f094162aa1975e6e77035a7dc4f (~100 ETH)
(3) 0x71e823adb7f44f41f9cfc25a62254414a5da9b16 (~100 ETH)
(4) 0x839c93afe5dd8028db37437f85ee0da34ceff63e (~100 ETH)
(5) 0xba540c28546a544596fc805a84872d464a36d890 (~100 ETH)
(6) 0xc6ae9627ddbf07d14d4f28ec14165e2329e03c7c (~100 ETH)
(7) 0xe0895220e2ed859ddb9d3640a67eb53694676a8e (~100 ETH)
(8) 0xb1b45cc1a5b914e90a65292a8e725a668430481b (~100 ETH)
(9) 0x80f23661636f7edca656f58509d93755f3ffb185 (~100 ETH)

Private Keys
==================
(0) 0x0e55fa8bc0d1d3b0baf9285c952c0192fd69caa9498f065f515b5cce494103bf
(1) 0xa70e45abda6177b3926e7891976b1d81a04f6e0c2f26b59059d5e80575df2dfb
(2) 0xddc545608a470424633eb06e4ba30c5bb68499fab9389917509ba2c50d6d516a
(3) 0xbf441d12ed176974debc76afebdd8138e24786b2bd753d40f916cccc0ae9b2e3
(4) 0xcaacf93dd9b9d5a0cf15ee499c8a2fe1eadf7b042c63d14d1e6fdcf677dc3b17
(5) 0xa7896111c510fb98f838527412f1ea6b0923d4fae61169f8a3162262a034200b
(6) 0xb4c2ee2a6d17008c7e8c23e5e3bc7c19cc875bb1c6b289f11b42f28f7c4a835f
(7) 0xf9675b9f2d4ee89570e1a93a78d846fab1def94626344e56e3d5768318e9b6b7
(8) 0x2cbc3378b6f818b84ea8a5c113baf3a8f55b5eb74fc38a87365b1e86a8b901f5
(9) 0xda39a1b075fae972ec2ae5bd183dd2ff8041be5fa3a66500505422b71faf7cfa

HD Wallet
==================
Mnemonic:      spot satisfy kitchen island firm when message tackle present mandate payment load
Base HD Path:  m/44'/60'/0'/0/{account_index}

Gas Price
==================
20000000000

Gas Limit
==================
6721975

Listening on 0.0.0.0:8545
